{"C:\\JSExpert6\\SpotifyRadio\\server\\config.js": {"path":"C:\\JSExpert6\\SpotifyRadio\\server\\config.js","statementMap":{"0":{"start":{"line":4,"column":19},"end":{"line":4,"column":58}},"1":{"start":{"line":5,"column":13},"end":{"line":5,"column":36}},"2":{"start":{"line":6,"column":23},"end":{"line":6,"column":42}},"3":{"start":{"line":7,"column":24},"end":{"line":7,"column":44}}},"fnMap":{},"branchMap":{"0":{"loc":{"start":{"line":10,"column":8},"end":{"line":10,"column":32}},"type":"binary-expr","locations":[{"start":{"line":10,"column":8},"end":{"line":10,"column":24}},{"start":{"line":10,"column":28},"end":{"line":10,"column":32}}],"line":10}},"s":{"0":3,"1":3,"2":3,"3":3},"f":{},"b":{"0":[3,3]},"_coverageSchema":"1a1c01bbd47fc00a2c39e90264f33305004495a9","hash":"2f634cf78983e4e4ef7d06a4a964ddc8b5d8d529"}
,"C:\\JSExpert6\\SpotifyRadio\\server\\controller.js": {"path":"C:\\JSExpert6\\SpotifyRadio\\server\\controller.js","statementMap":{"0":{"start":{"line":5,"column":4},"end":{"line":5,"column":32}},"1":{"start":{"line":9,"column":4},"end":{"line":9,"column":47}}},"fnMap":{"0":{"name":"(anonymous_0)","decl":{"start":{"line":4,"column":2},"end":{"line":4,"column":3}},"loc":{"start":{"line":4,"column":16},"end":{"line":6,"column":3}},"line":4},"1":{"name":"(anonymous_1)","decl":{"start":{"line":8,"column":2},"end":{"line":8,"column":3}},"loc":{"start":{"line":8,"column":32},"end":{"line":10,"column":3}},"line":8}},"branchMap":{},"s":{"0":2,"1":1},"f":{"0":2,"1":1},"b":{},"_coverageSchema":"1a1c01bbd47fc00a2c39e90264f33305004495a9","hash":"86e68169ab693deb33ed27eedfe8b5f992eafe95"}
,"C:\\JSExpert6\\SpotifyRadio\\server\\routes.js": {"path":"C:\\JSExpert6\\SpotifyRadio\\server\\routes.js","statementMap":{"0":{"start":{"line":14,"column":4},"end":{"line":14,"column":10}},"1":{"start":{"line":15,"column":19},"end":{"line":15,"column":35}},"2":{"start":{"line":18,"column":26},"end":{"line":18,"column":33}},"3":{"start":{"line":20,"column":2},"end":{"line":26,"column":3}},"4":{"start":{"line":21,"column":4},"end":{"line":23,"column":6}},"5":{"start":{"line":25,"column":4},"end":{"line":25,"column":25}},"6":{"start":{"line":28,"column":2},"end":{"line":34,"column":3}},"7":{"start":{"line":31,"column":8},"end":{"line":31,"column":48}},"8":{"start":{"line":33,"column":4},"end":{"line":33,"column":32}},"9":{"start":{"line":36,"column":2},"end":{"line":42,"column":3}},"10":{"start":{"line":39,"column":8},"end":{"line":39,"column":54}},"11":{"start":{"line":41,"column":4},"end":{"line":41,"column":32}},"12":{"start":{"line":45,"column":2},"end":{"line":57,"column":3}},"13":{"start":{"line":49,"column":8},"end":{"line":49,"column":43}},"14":{"start":{"line":50,"column":24},"end":{"line":50,"column":42}},"15":{"start":{"line":51,"column":4},"end":{"line":55,"column":5}},"16":{"start":{"line":52,"column":6},"end":{"line":54,"column":8}},"17":{"start":{"line":56,"column":4},"end":{"line":56,"column":33}},"18":{"start":{"line":68,"column":2},"end":{"line":68,"column":25}},"19":{"start":{"line":69,"column":2},"end":{"line":69,"column":23}},"20":{"start":{"line":73,"column":2},"end":{"line":77,"column":3}},"21":{"start":{"line":74,"column":4},"end":{"line":74,"column":49}},"22":{"start":{"line":75,"column":4},"end":{"line":75,"column":27}},"23":{"start":{"line":76,"column":4},"end":{"line":76,"column":25}},"24":{"start":{"line":79,"column":2},"end":{"line":79,"column":52}},"25":{"start":{"line":80,"column":2},"end":{"line":80,"column":25}},"26":{"start":{"line":81,"column":2},"end":{"line":81,"column":23}},"27":{"start":{"line":85,"column":2},"end":{"line":86,"column":50}},"28":{"start":{"line":86,"column":20},"end":{"line":86,"column":49}}},"fnMap":{"0":{"name":"routes","decl":{"start":{"line":17,"column":15},"end":{"line":17,"column":21}},"loc":{"start":{"line":17,"column":41},"end":{"line":70,"column":1}},"line":17},"1":{"name":"handlerError","decl":{"start":{"line":72,"column":9},"end":{"line":72,"column":21}},"loc":{"start":{"line":72,"column":39},"end":{"line":82,"column":1}},"line":72},"2":{"name":"handler","decl":{"start":{"line":84,"column":16},"end":{"line":84,"column":23}},"loc":{"start":{"line":84,"column":43},"end":{"line":87,"column":1}},"line":84},"3":{"name":"(anonymous_3)","decl":{"start":{"line":86,"column":11},"end":{"line":86,"column":12}},"loc":{"start":{"line":86,"column":20},"end":{"line":86,"column":49}},"line":86}},"branchMap":{"0":{"loc":{"start":{"line":20,"column":2},"end":{"line":26,"column":3}},"type":"if","locations":[{"start":{"line":20,"column":2},"end":{"line":26,"column":3}},{"start":{},"end":{}}],"line":20},"1":{"loc":{"start":{"line":20,"column":6},"end":{"line":20,"column":37}},"type":"binary-expr","locations":[{"start":{"line":20,"column":6},"end":{"line":20,"column":22}},{"start":{"line":20,"column":26},"end":{"line":20,"column":37}}],"line":20},"2":{"loc":{"start":{"line":28,"column":2},"end":{"line":34,"column":3}},"type":"if","locations":[{"start":{"line":28,"column":2},"end":{"line":34,"column":3}},{"start":{},"end":{}}],"line":28},"3":{"loc":{"start":{"line":28,"column":6},"end":{"line":28,"column":41}},"type":"binary-expr","locations":[{"start":{"line":28,"column":6},"end":{"line":28,"column":22}},{"start":{"line":28,"column":26},"end":{"line":28,"column":41}}],"line":28},"4":{"loc":{"start":{"line":36,"column":2},"end":{"line":42,"column":3}},"type":"if","locations":[{"start":{"line":36,"column":2},"end":{"line":42,"column":3}},{"start":{},"end":{}}],"line":36},"5":{"loc":{"start":{"line":36,"column":6},"end":{"line":36,"column":47}},"type":"binary-expr","locations":[{"start":{"line":36,"column":6},"end":{"line":36,"column":22}},{"start":{"line":36,"column":26},"end":{"line":36,"column":47}}],"line":36},"6":{"loc":{"start":{"line":45,"column":2},"end":{"line":57,"column":3}},"type":"if","locations":[{"start":{"line":45,"column":2},"end":{"line":57,"column":3}},{"start":{},"end":{}}],"line":45},"7":{"loc":{"start":{"line":51,"column":4},"end":{"line":55,"column":5}},"type":"if","locations":[{"start":{"line":51,"column":4},"end":{"line":55,"column":5}},{"start":{},"end":{}}],"line":51},"8":{"loc":{"start":{"line":73,"column":2},"end":{"line":77,"column":3}},"type":"if","locations":[{"start":{"line":73,"column":2},"end":{"line":77,"column":3}},{"start":{},"end":{}}],"line":73}},"s":{"0":1,"1":1,"2":8,"3":8,"4":1,"5":1,"6":7,"7":1,"8":1,"9":6,"10":1,"11":1,"12":5,"13":4,"14":2,"15":2,"16":1,"17":2,"18":1,"19":1,"20":2,"21":1,"22":1,"23":1,"24":1,"25":1,"26":1,"27":8,"28":2},"f":{"0":8,"1":2,"2":8,"3":2},"b":{"0":[1,7],"1":[8,7],"2":[1,6],"3":[7,6],"4":[1,5],"5":[6,5],"6":[4,1],"7":[1,1],"8":[1,1]},"_coverageSchema":"1a1c01bbd47fc00a2c39e90264f33305004495a9","hash":"14d42c64a913910c833b97226d8cdc1862853ac8"}
,"C:\\JSExpert6\\SpotifyRadio\\server\\service.js": {"path":"C:\\JSExpert6\\SpotifyRadio\\server\\service.js","statementMap":{"0":{"start":{"line":10,"column":4},"end":{"line":10,"column":10}},"1":{"start":{"line":13,"column":4},"end":{"line":13,"column":40}},"2":{"start":{"line":18,"column":25},"end":{"line":18,"column":52}},"3":{"start":{"line":20,"column":4},"end":{"line":20,"column":41}},"4":{"start":{"line":21,"column":21},"end":{"line":21,"column":42}},"5":{"start":{"line":22,"column":4},"end":{"line":25,"column":5}},"6":{"start":{"line":32,"column":8},"end":{"line":32,"column":36}},"7":{"start":{"line":33,"column":4},"end":{"line":36,"column":5}}},"fnMap":{"0":{"name":"(anonymous_0)","decl":{"start":{"line":12,"column":2},"end":{"line":12,"column":3}},"loc":{"start":{"line":12,"column":29},"end":{"line":14,"column":3}},"line":12},"1":{"name":"(anonymous_1)","decl":{"start":{"line":16,"column":2},"end":{"line":16,"column":3}},"loc":{"start":{"line":16,"column":26},"end":{"line":26,"column":3}},"line":16},"2":{"name":"(anonymous_2)","decl":{"start":{"line":28,"column":2},"end":{"line":28,"column":3}},"loc":{"start":{"line":28,"column":28},"end":{"line":37,"column":3}},"line":28}},"branchMap":{},"s":{"0":3,"1":1,"2":1,"3":1,"4":1,"5":1,"6":1,"7":1},"f":{"0":1,"1":1,"2":1},"b":{},"_coverageSchema":"1a1c01bbd47fc00a2c39e90264f33305004495a9","hash":"ca6a8a423b894917ca2574884b1990d39654a3a0"}
,"C:\\JSExpert6\\SpotifyRadio\\server\\util.js": {"path":"C:\\JSExpert6\\SpotifyRadio\\server\\util.js","statementMap":{"0":{"start":{"line":3,"column":12},"end":{"line":11,"column":2}},"1":{"start":{"line":13,"column":22},"end":{"line":13,"column":25}}},"fnMap":{},"branchMap":{},"s":{"0":1,"1":1},"f":{},"b":{},"_coverageSchema":"1a1c01bbd47fc00a2c39e90264f33305004495a9","hash":"756ce228dbf28e7f0a40b794b490a26e8b1ebbc5"}
}
