TN:
SF:server\config.js
FNF:0
FNH:0
DA:4,3
DA:5,3
DA:6,3
DA:7,3
LF:4
LH:4
BRDA:10,0,0,3
BRDA:10,0,1,3
BRF:2
BRH:2
end_of_record
TN:
SF:server\controller.js
FN:4,(anonymous_0)
FN:8,(anonymous_1)
FNF:2
FNH:2
FNDA:2,(anonymous_0)
FNDA:1,(anonymous_1)
DA:5,2
DA:9,1
LF:2
LH:2
BRF:0
BRH:0
end_of_record
TN:
SF:server\routes.js
FN:17,routes
FN:72,handlerError
FN:84,handler
FN:86,(anonymous_3)
FNF:4
FNH:4
FNDA:8,routes
FNDA:2,handlerError
FNDA:8,handler
FNDA:2,(anonymous_3)
DA:14,1
DA:15,1
DA:18,8
DA:20,8
DA:21,1
DA:25,1
DA:28,7
DA:31,1
DA:33,1
DA:36,6
DA:39,1
DA:41,1
DA:45,5
DA:49,4
DA:50,2
DA:51,2
DA:52,1
DA:56,2
DA:68,1
DA:69,1
DA:73,2
DA:74,1
DA:75,1
DA:76,1
DA:79,1
DA:80,1
DA:81,1
DA:85,8
DA:86,2
LF:29
LH:29
BRDA:20,0,0,1
BRDA:20,0,1,7
BRDA:20,1,0,8
BRDA:20,1,1,7
BRDA:28,2,0,1
BRDA:28,2,1,6
BRDA:28,3,0,7
BRDA:28,3,1,6
BRDA:36,4,0,1
BRDA:36,4,1,5
BRDA:36,5,0,6
BRDA:36,5,1,5
BRDA:45,6,0,4
BRDA:45,6,1,1
BRDA:51,7,0,1
BRDA:51,7,1,1
BRDA:73,8,0,1
BRDA:73,8,1,1
BRF:18
BRH:18
end_of_record
TN:
SF:server\service.js
FN:12,(anonymous_0)
FN:16,(anonymous_1)
FN:28,(anonymous_2)
FNF:3
FNH:3
FNDA:1,(anonymous_0)
FNDA:1,(anonymous_1)
FNDA:1,(anonymous_2)
DA:10,3
DA:13,1
DA:18,1
DA:20,1
DA:21,1
DA:22,1
DA:32,1
DA:33,1
LF:8
LH:8
BRF:0
BRH:0
end_of_record
TN:
SF:server\util.js
FNF:0
FNH:0
DA:3,1
DA:13,1
LF:2
LH:2
BRF:0
BRH:0
end_of_record
